<?xml version="1.0" encoding="UTF-8"?>
<!-- Generated by org.testng.reporters.JUnitReportReporter -->
<testsuite hostname="DESKTOP-OOIL3UH" failures="0" tests="1" name="com.inetbanking.testCases.TC_AddCustomerTest_003" time="23.906" errors="0" timestamp="14 May 2022 04:06:36 GMT" skipped="0">
  <testcase classname="com.inetbanking.testCases.TC_AddCustomerTest_003" name="addNewCustomer" time="23.906"/>
</testsuite> <!-- com.inetbanking.testCases.TC_AddCustomerTest_003 -->
