<?xml version="1.0" encoding="UTF-8"?>
<!-- Generated by org.testng.reporters.JUnitReportReporter -->
<testsuite hostname="DESKTOP-OOIL3UH" failures="0" tests="1" name="com.inetbanking.testCases.TC_AddCustomerTest_003" time="45.211" errors="0" timestamp="29 May 2022 06:35:54 GMT" skipped="0">
  <testcase classname="com.inetbanking.testCases.TC_AddCustomerTest_003" name="addNewCustomer" time="45.211"/>
</testsuite> <!-- com.inetbanking.testCases.TC_AddCustomerTest_003 -->
